QDBusConnection: session D-Bus connection created before QCoreApplication. Application may misbehave.
QDBusConnection: session D-Bus connection created before QCoreApplication. Application may misbehave.
Connecting to deprecated signal QDBusConnectionInterface::serviceOwnerChanged(QString,QString,QString)
QDBusConnection: session D-Bus connection created before QCoreApplication. Application may misbehave.
QDBusConnection: session D-Bus connection created before QCoreApplication. Application may misbehave.
kbuildsycoca4 running...
kbuildsycoca4(16133)/kdecore (services) KServicePrivate::init: The desktop entry file  "/usr/share/applications/openbox.desktop"  has Type= "XSession"  instead of "Application" or "Service" 

kbuildsycoca4(16133) KBuildServiceFactory::createEntry: Invalid Service :  "/usr/share/applications/openbox.desktop" 
kbuildsycoca4(16133) KConfigGroup::readXdgListEntry: List entry Categories in "/usr/share/applications/gnome-color-panel.desktop" is not compliant with XDG standard (missing trailing semicolon). 
kbuildsycoca4(16133) KConfigGroup::readXdgListEntry: List entry Categories in "/usr/share/applications/gnome-screen-panel.desktop" is not compliant with XDG standard (missing trailing semicolon). 
kbuildsycoca4(16133) KConfigGroup::readXdgListEntry: List entry Categories in "/usr/share/applications/language-selector.desktop" is not compliant with XDG standard (missing trailing semicolon). 
kbuildsycoca4(16133) KConfigGroup::readXdgListEntry: List entry Categories in "/usr/share/applications/im-switch.desktop" is not compliant with XDG standard (missing trailing semicolon). 
kbuildsycoca4(16133) KConfigGroup::readXdgListEntry: List entry Actions in "/usr/share/applications/gnome-terminal.desktop" is not compliant with XDG standard (missing trailing semicolon). 
kbuildsycoca4(16133) KConfigGroup::readXdgListEntry: List entry Categories in "/usr/share/applications/gnome-region-panel.desktop" is not compliant with XDG standard (missing trailing semicolon). 
kbuildsycoca4(16133) KConfigGroup::readXdgListEntry: List entry Categories in "/usr/share/applications/gnome-background-panel.desktop" is not compliant with XDG standard (missing trailing semicolon). 
kbuildsycoca4(16133) KConfigGroup::readXdgListEntry: List entry Categories in "/usr/share/applications/gnome-power-panel.desktop" is not compliant with XDG standard (missing trailing semicolon). 
kbuildsycoca4(16133) KConfigGroup::readXdgListEntry: List entry Categories in "/usr/share/applications/gnome-user-accounts-panel.desktop" is not compliant with XDG standard (missing trailing semicolon). 
kbuildsycoca4(16133) KConfigGroup::readXdgListEntry: List entry Categories in "/usr/share/applications/ubuntuone-installer.desktop" is not compliant with XDG standard (missing trailing semicolon). 
kbuildsycoca4(16133) kdemain: Emitting notifyDatabaseChanged ("servicetypes", "xdgdata-mime", "services", "apps")
QDBusConnection: session D-Bus connection created before QCoreApplication. Application may misbehave.
QDBusConnection: session D-Bus connection created before QCoreApplication. Application may misbehave.
yakuake(16112)/kdecore (KLibrary) findLibraryInternal: plugins should not have a 'lib' prefix: "libkonsolepart.so"
QDBusConnection: name 'org.kde.kglobalaccel' had owner '' but we thought it was ':1.205'
QDBusConnection: session D-Bus connection created before QCoreApplication. Application may misbehave.
yakuake(16112)/konsole Konsole::Session::run: Attempted to re-run an already running session. 
QDBusConnection: session D-Bus connection created before QCoreApplication. Application may misbehave.
yakuake(16112)/kdecore (KConfigSkeleton) KCoreConfigSkeleton::writeConfig:
X Error: BadWindow (invalid Window parameter) 3
  Major opcode: 20 (X_GetProperty)
  Resource id:  0x320001d
yakuake(16112)/kdecore (KLibrary) findLibraryInternal: plugins should not have a 'lib' prefix: "libkonsolepart.so"
yakuake(16112)/konsole Konsole::Session::run: Attempted to re-run an already running session. 
QClipboard: Unable to receive an event from the clipboard manager in a reasonable time
yakuake(16112)/konsole Konsole::SessionManager::~SessionManager: Konsole SessionManager destroyed with sessions still alive 
kdeinit4: Fatal IO error: client killed
klauncher: Exiting on signal 15
kdeinit4: Fatal IO error: client killed
kglobalaccel: Fatal IO error 11 (Resource temporarily unavailable) on X server :0.0.
knotify4: Fatal IO error 11 (Resource temporarily unavailable) on X server :0.0.
kdeinit4: kded4 [kdeinit]: Fatal IO error 11 (Resource temporarily unavailable) on X server :0.0.
g_dbus_connection_real_closed: Remote peer vanished with error: Underlying GIOStream returned 0 bytes on an async read (g-io-error-quark, 0). Exiting.
